{
  message: 'Title is Free Backlink Checker and Discovery Bot Potential Warnings: From Retail Merchant Group',
  level: 'info',
  timestamp: '2020-09-07T17:33:45.731Z'
}
{
  message: 'No error',
  level: 'error',
  timestamp: '2020-09-07T17:33:45.743Z'
}
{
  message: 'Title is Free Backlink Checker and Discovery Bot Potential Warnings: From Retail Merchant Group',
  level: 'info',
  timestamp: '2020-09-13T20:38:56.447Z'
}
{
  message: 'No error',
  level: 'error',
  timestamp: '2020-09-13T20:38:56.454Z'
}
{
  message: 'Title is LinkSignal.ai: From Retail Merchant Group',
  level: 'info',
  timestamp: '2020-09-13T20:50:49.267Z'
}
{
  message: 'No error',
  level: 'error',
  timestamp: '2020-09-13T20:50:49.275Z'
}
{
  message: 'Title is LinkSignal.ai: From Retail Merchant Group',
  level: 'info',
  timestamp: '2020-09-13T21:04:14.401Z'
}
{
  message: 'No error',
  level: 'error',
  timestamp: '2020-09-13T21:04:14.405Z'
}
